<?xml version="1.0" encoding="UTF-8"?>
<!-- Generated by org.testng.reporters.JUnitReportReporter -->
<testsuite skipped="0" hostname="Diya" name="com.ultimateqa.courses.testsuite.LoginPageTest" tests="2" failures="0" timestamp="2022-12-12T17:35:27 GMT" time="11.563" errors="0">
  <testcase name="verifyErrorMessageWithInvalidCredentials" time="6.976" classname="com.ultimateqa.courses.testsuite.LoginPageTest"/>
  <system-out>
    <![CDATA[clickOnSignInLink[[ChromeDriver: chrome on WINDOWS (401301ef34d40d282d60fa72e0e4a5c5)] -> xpath: //a[contains(text(),'Sign In')]]
enterUsername[[ChromeDriver: chrome on WINDOWS (401301ef34d40d282d60fa72e0e4a5c5)] -> id: user[email]]
enterPassword[[ChromeDriver: chrome on WINDOWS (401301ef34d40d282d60fa72e0e4a5c5)] -> id: user[password]]
clickOnLoginButton[[ChromeDriver: chrome on WINDOWS (401301ef34d40d282d60fa72e0e4a5c5)] -> xpath: //button[contains(text(),'Sign in')]]
getErrorMessage[[ChromeDriver: chrome on WINDOWS (401301ef34d40d282d60fa72e0e4a5c5)] -> xpath: //li[contains(text(),'Invalid email or password.')]]
Click to see screenshot
<a target = "_blank" href=C:\Users\viren\IdeaProjects\courses.ultimateqa.com-wk-15-virenpatel/test-output/html/verifyErrorMessageWithInvalidCredentialsMon_Dec_12_17_35_25_GMT_2022.jpg>Screenshot</a>
<br>
Click to see screenshot
<a target = "_blank" href=C:\Users\viren\IdeaProjects\courses.ultimateqa.com-wk-15-virenpatel/test-output/html/verifyErrorMessageWithInvalidCredentialsMon_Dec_12_17_35_25_GMT_2022.jpg>Screenshot</a>
<br>]]>
  </system-out>
  <testcase name="userShouldNavigateToLoginPageSuccessfully" time="4.587" classname="com.ultimateqa.courses.testsuite.LoginPageTest"/>
  <system-out>
    <![CDATA[clickOnSignInLink[[ChromeDriver: chrome on WINDOWS (9242e9c13640740a063369ba8b0dc586)] -> xpath: //a[contains(text(),'Sign In')]]
getTextWelcomeBack[[ChromeDriver: chrome on WINDOWS (9242e9c13640740a063369ba8b0dc586)] -> xpath: //h2[contains(text(),'Welcome Back!')]]
Click to see screenshot
<a target = "_blank" href=C:\Users\viren\IdeaProjects\courses.ultimateqa.com-wk-15-virenpatel/test-output/html/userShouldNavigateToLoginPageSuccessfullyMon_Dec_12_17_35_19_GMT_2022.jpg>Screenshot</a>
<br>
Click to see screenshot
<a target = "_blank" href=C:\Users\viren\IdeaProjects\courses.ultimateqa.com-wk-15-virenpatel/test-output/html/userShouldNavigateToLoginPageSuccessfullyMon_Dec_12_17_35_19_GMT_2022.jpg>Screenshot</a>
<br>]]>
  </system-out>
</testsuite> <!-- com.ultimateqa.courses.testsuite.LoginPageTest -->
